#! /c/Source/iverilog-install/bin/vvp
:ivl_version "12.0 (devel)" "(s20150603-1539-g2693dd32b)";
:ivl_delay_selection "TYPICAL";
:vpi_time_precision - 12;
:vpi_module "C:\iverilog\lib\ivl\system.vpi";
:vpi_module "C:\iverilog\lib\ivl\vhdl_sys.vpi";
:vpi_module "C:\iverilog\lib\ivl\vhdl_textio.vpi";
:vpi_module "C:\iverilog\lib\ivl\v2005_math.vpi";
:vpi_module "C:\iverilog\lib\ivl\va_math.vpi";
S_0000020d2cad56e0 .scope module, "edge_combiner" "edge_combiner" 2 8;
 .timescale -9 -12;
    .port_info 0 /INPUT 1 "edge_left";
    .port_info 1 /INPUT 1 "edge_right";
    .port_info 2 /INPUT 1 "edge_up";
    .port_info 3 /INPUT 1 "edge_down";
    .port_info 4 /OUTPUT 1 "final_edge";
o0000020d2cb03008 .functor BUFZ 1, C4<z>; HiZ drive
o0000020d2cb03038 .functor BUFZ 1, C4<z>; HiZ drive
L_0000020d2cafb9a0 .functor OR 1, o0000020d2cb03008, o0000020d2cb03038, C4<0>, C4<0>;
o0000020d2cb03068 .functor BUFZ 1, C4<z>; HiZ drive
L_0000020d2cafba80 .functor OR 1, L_0000020d2cafb9a0, o0000020d2cb03068, C4<0>, C4<0>;
o0000020d2cb02fd8 .functor BUFZ 1, C4<z>; HiZ drive
L_0000020d2cafc260 .functor OR 1, L_0000020d2cafba80, o0000020d2cb02fd8, C4<0>, C4<0>;
v0000020d2caf9f80_0 .net *"_ivl_0", 0 0, L_0000020d2cafb9a0;  1 drivers
v0000020d2cafa480_0 .net *"_ivl_2", 0 0, L_0000020d2cafba80;  1 drivers
v0000020d2cafb240_0 .net "edge_down", 0 0, o0000020d2cb02fd8;  0 drivers
v0000020d2cafa5c0_0 .net "edge_left", 0 0, o0000020d2cb03008;  0 drivers
v0000020d2cafa3e0_0 .net "edge_right", 0 0, o0000020d2cb03038;  0 drivers
v0000020d2cafac00_0 .net "edge_up", 0 0, o0000020d2cb03068;  0 drivers
v0000020d2caf9e40_0 .net "final_edge", 0 0, L_0000020d2cafc260;  1 drivers
S_0000020d2cad5870 .scope module, "testbench" "testbench" 3 3;
 .timescale -9 -12;
v0000020d2cb5dd10_0 .var "clk", 0 0;
v0000020d2cb5e030_0 .var "reset", 0 0;
S_0000020d2cab9700 .scope module, "DUT" "top_module" 3 9, 4 6 0, S_0000020d2cad5870;
 .timescale -9 -12;
    .port_info 0 /INPUT 1 "clk";
    .port_info 1 /INPUT 1 "reset";
P_0000020d2cb00500 .param/l "HEIGHT" 0 4 8, +C4<00000000000000000000000000010000>;
P_0000020d2cb00538 .param/str "INPUT_FILE" 0 4 10, "checkerboard_16.mem";
P_0000020d2cb00570 .param/str "OUTPUT_FILE" 0 4 11, "edge_output.mem";
P_0000020d2cb005a8 .param/l "PIXEL_BITS" 0 4 9, +C4<00000000000000000000000000000001>;
P_0000020d2cb005e0 .param/l "WIDTH" 0 4 7, +C4<00000000000000000000000000010000>;
L_0000020d2cafbbd0 .functor BUFZ 1, L_0000020d2cb60b80, C4<0>, C4<0>, C4<0>;
L_0000020d2cafbb60 .functor BUFZ 1, L_0000020d2cb609a0, C4<0>, C4<0>, C4<0>;
L_0000020d2cafc500 .functor BUFZ 1, L_0000020d2cb5fd20, C4<0>, C4<0>, C4<0>;
L_0000020d2cafb770 .functor BUFZ 1, L_0000020d2cb60cc0, C4<0>, C4<0>, C4<0>;
v0000020d2cb5dbd0_0 .net *"_ivl_12", 0 0, L_0000020d2cb609a0;  1 drivers
v0000020d2cb5d130_0 .net *"_ivl_16", 0 0, L_0000020d2cb5fd20;  1 drivers
v0000020d2cb5def0_0 .net *"_ivl_20", 0 0, L_0000020d2cb60cc0;  1 drivers
v0000020d2cb5d310_0 .net *"_ivl_8", 0 0, L_0000020d2cb60b80;  1 drivers
v0000020d2cb5e7b0_0 .var "addr", 15 0;
v0000020d2cb5d450_0 .net "addr_down", 15 0, v0000020d2cb5e8f0_0;  1 drivers
v0000020d2cb5d4f0_0 .net "addr_left", 15 0, v0000020d2cb5d1d0_0;  1 drivers
v0000020d2cb5ec10_0 .net "addr_right", 15 0, v0000020d2cb5de50_0;  1 drivers
v0000020d2cb5d590_0 .net "addr_up", 15 0, v0000020d2cb5e2b0_0;  1 drivers
v0000020d2cb5df90_0 .net "clk", 0 0, v0000020d2cb5dd10_0;  1 drivers
v0000020d2cb5e3f0_0 .net "edge_pixel", 0 0, L_0000020d2cadc570;  1 drivers
v0000020d2cb5ead0_0 .net "pix_down", 0 0, L_0000020d2cafb770;  1 drivers
v0000020d2cb5d770_0 .net "pix_left", 0 0, L_0000020d2cafbbd0;  1 drivers
v0000020d2cb5d8b0_0 .net "pix_right", 0 0, L_0000020d2cafbb60;  1 drivers
v0000020d2cb5e170_0 .net "pix_up", 0 0, L_0000020d2cafc500;  1 drivers
v0000020d2cb5d950_0 .net "pixel_orig", 0 0, v0000020d2cafa2a0_0;  1 drivers
v0000020d2cb5e990_0 .net "reset", 0 0, v0000020d2cb5e030_0;  1 drivers
L_0000020d2cb701a8 .functor BUFT 1, C4<1>, C4<0>, C4<0>, C4<0>;
v0000020d2cb5d9f0_0 .net "write_enable", 0 0, L_0000020d2cb701a8;  1 drivers
L_0000020d2cb60b80 .array/port v0000020d2cafb380, v0000020d2cb5d1d0_0;
L_0000020d2cb609a0 .array/port v0000020d2cafb380, v0000020d2cb5de50_0;
L_0000020d2cb5fd20 .array/port v0000020d2cafb380, v0000020d2cb5e2b0_0;
L_0000020d2cb60cc0 .array/port v0000020d2cafb380, v0000020d2cb5e8f0_0;
S_0000020d2cac34e0 .scope module, "e1" "edge_detector" 4 51, 5 42 0, S_0000020d2cab9700;
 .timescale -9 -12;
    .port_info 0 /INPUT 1 "pixel_orig";
    .port_info 1 /INPUT 1 "pixel_left";
    .port_info 2 /INPUT 1 "pixel_right";
    .port_info 3 /INPUT 1 "pixel_up";
    .port_info 4 /INPUT 1 "pixel_down";
    .port_info 5 /OUTPUT 1 "edge_pixel";
P_0000020d2caf55a0 .param/l "PIXEL_BITS" 0 5 43, +C4<00000000000000000000000000000001>;
L_0000020d2cafbf50 .functor XOR 1, v0000020d2cafa2a0_0, L_0000020d2cafbbd0, C4<0>, C4<0>;
L_0000020d2cafbcb0 .functor XOR 1, v0000020d2cafa2a0_0, L_0000020d2cafbb60, C4<0>, C4<0>;
L_0000020d2cafbee0 .functor XOR 1, v0000020d2cafa2a0_0, L_0000020d2cafc500, C4<0>, C4<0>;
L_0000020d2cafc030 .functor XOR 1, v0000020d2cafa2a0_0, L_0000020d2cafb770, C4<0>, C4<0>;
L_0000020d2cafc0a0 .functor OR 1, L_0000020d2cafbf50, L_0000020d2cafbcb0, C4<0>, C4<0>;
L_0000020d2cafb7e0 .functor OR 1, L_0000020d2cafc0a0, L_0000020d2cafbee0, C4<0>, C4<0>;
L_0000020d2cadc570 .functor OR 1, L_0000020d2cafb7e0, L_0000020d2cafc030, C4<0>, C4<0>;
v0000020d2caf98a0_0 .net *"_ivl_10", 0 0, L_0000020d2cafb7e0;  1 drivers
v0000020d2cafb2e0_0 .net *"_ivl_8", 0 0, L_0000020d2cafc0a0;  1 drivers
v0000020d2cafa840_0 .net "diff_down", 0 0, L_0000020d2cafc030;  1 drivers
v0000020d2cafaf20_0 .net "diff_left", 0 0, L_0000020d2cafbf50;  1 drivers
v0000020d2cafaca0_0 .net "diff_right", 0 0, L_0000020d2cafbcb0;  1 drivers
v0000020d2caf9940_0 .net "diff_up", 0 0, L_0000020d2cafbee0;  1 drivers
v0000020d2cafad40_0 .net "edge_pixel", 0 0, L_0000020d2cadc570;  alias, 1 drivers
v0000020d2cafb1a0_0 .net "pixel_down", 0 0, L_0000020d2cafb770;  alias, 1 drivers
v0000020d2cafae80_0 .net "pixel_left", 0 0, L_0000020d2cafbbd0;  alias, 1 drivers
v0000020d2cafafc0_0 .net "pixel_orig", 0 0, v0000020d2cafa2a0_0;  alias, 1 drivers
v0000020d2cafb420_0 .net "pixel_right", 0 0, L_0000020d2cafbb60;  alias, 1 drivers
v0000020d2cafa0c0_0 .net "pixel_up", 0 0, L_0000020d2cafc500;  alias, 1 drivers
S_0000020d2cac3670 .scope module, "img_mem" "image_memory" 4 31, 6 8 0, S_0000020d2cab9700;
 .timescale -9 -12;
    .port_info 0 /INPUT 1 "clk";
    .port_info 1 /INPUT 1 "reset";
    .port_info 2 /INPUT 16 "addr";
    .port_info 3 /OUTPUT 1 "pixel_out";
P_0000020d2cac3800 .param/str "FILE_NAME" 0 6 12, "checkerboard_16.mem";
P_0000020d2cac3838 .param/l "HEIGHT" 0 6 10, +C4<00000000000000000000000000010000>;
P_0000020d2cac3870 .param/l "PIXEL_BITS" 0 6 11, +C4<00000000000000000000000000000001>;
P_0000020d2cac38a8 .param/l "WIDTH" 0 6 9, +C4<00000000000000000000000000010000>;
v0000020d2cafa700_0 .net "addr", 15 0, v0000020d2cb5e7b0_0;  1 drivers
v0000020d2cafb060_0 .net "clk", 0 0, v0000020d2cb5dd10_0;  alias, 1 drivers
v0000020d2cafa7a0_0 .var/i "i", 31 0;
v0000020d2cafb380 .array "mem", 255 0, 0 0;
v0000020d2cafa2a0_0 .var "pixel_out", 0 0;
v0000020d2cafb4c0_0 .net "reset", 0 0, v0000020d2cb5e030_0;  alias, 1 drivers
v0000020d2caee070_0 .var "runtime_file", 2047 0;
E_0000020d2caf4d20 .event posedge, v0000020d2cafb4c0_0, v0000020d2cafb060_0;
S_0000020d2cabcba0 .scope module, "out_mem" "output_memory" 4 65, 7 55 0, S_0000020d2cab9700;
 .timescale -9 -12;
    .port_info 0 /INPUT 1 "clk";
    .port_info 1 /INPUT 1 "reset";
    .port_info 2 /INPUT 1 "write_enable";
    .port_info 3 /INPUT 16 "addr";
    .port_info 4 /INPUT 1 "edge_pixel";
    .port_info 5 /OUTPUT 1 "mem_out";
P_0000020d2cab9890 .param/str "FILE_NAME" 0 7 59, "edge_output.mem";
P_0000020d2cab98c8 .param/l "HEIGHT" 0 7 57, +C4<00000000000000000000000000010000>;
P_0000020d2cab9900 .param/l "PIXEL_BITS" 0 7 58, +C4<00000000000000000000000000000001>;
P_0000020d2cab9938 .param/l "WIDTH" 0 7 56, +C4<00000000000000000000000000010000>;
v0000020d2caee930_0 .net "addr", 15 0, v0000020d2cb5e7b0_0;  alias, 1 drivers
v0000020d2caee9d0_0 .net "clk", 0 0, v0000020d2cb5dd10_0;  alias, 1 drivers
v0000020d2caeec50_0 .net "edge_pixel", 0 0, L_0000020d2cadc570;  alias, 1 drivers
v0000020d2cb5d810_0 .var/i "i", 31 0;
v0000020d2cb5db30 .array "mem", 255 0, 0 0;
v0000020d2cb5e670_0 .var "mem_out", 0 0;
v0000020d2cb5ed50_0 .net "reset", 0 0, v0000020d2cb5e030_0;  alias, 1 drivers
v0000020d2cb5e490_0 .net "write_enable", 0 0, L_0000020d2cb701a8;  alias, 1 drivers
S_0000020d2cabcd30 .scope module, "sD" "shift_unit" 4 42, 8 39 0, S_0000020d2cab9700;
 .timescale -9 -12;
    .port_info 0 /INPUT 16 "addr";
    .port_info 1 /INPUT 2 "direction";
    .port_info 2 /OUTPUT 16 "shifted_addr";
P_0000020d2cad7770 .param/l "HEIGHT" 0 8 41, +C4<00000000000000000000000000010000>;
P_0000020d2cad77a8 .param/l "INVALID_ADDR_MARKER" 1 8 50, C4<1111111111111111>;
P_0000020d2cad77e0 .param/l "WIDTH" 0 8 40, +C4<00000000000000000000000000010000>;
v0000020d2cb5ee90_0 .net "addr", 15 0, v0000020d2cb5e7b0_0;  alias, 1 drivers
v0000020d2cb5d6d0_0 .var "col", 15 0;
L_0000020d2cb70160 .functor BUFT 1, C4<11>, C4<0>, C4<0>, C4<0>;
v0000020d2cb5edf0_0 .net "direction", 1 0, L_0000020d2cb70160;  1 drivers
v0000020d2cb5d270_0 .var "row", 15 0;
v0000020d2cb5e8f0_0 .var "shifted_addr", 15 0;
E_0000020d2caf4960 .event anyedge, v0000020d2cafa700_0, v0000020d2cb5edf0_0, v0000020d2cb5d6d0_0, v0000020d2cb5d270_0;
S_0000020d2caca160 .scope module, "sL" "shift_unit" 4 39, 8 39 0, S_0000020d2cab9700;
 .timescale -9 -12;
    .port_info 0 /INPUT 16 "addr";
    .port_info 1 /INPUT 2 "direction";
    .port_info 2 /OUTPUT 16 "shifted_addr";
P_0000020d2cad7fb0 .param/l "HEIGHT" 0 8 41, +C4<00000000000000000000000000010000>;
P_0000020d2cad7fe8 .param/l "INVALID_ADDR_MARKER" 1 8 50, C4<1111111111111111>;
P_0000020d2cad8020 .param/l "WIDTH" 0 8 40, +C4<00000000000000000000000000010000>;
v0000020d2cb5dc70_0 .net "addr", 15 0, v0000020d2cb5e7b0_0;  alias, 1 drivers
v0000020d2cb5e350_0 .var "col", 15 0;
L_0000020d2cb70088 .functor BUFT 1, C4<00>, C4<0>, C4<0>, C4<0>;
v0000020d2cb5ddb0_0 .net "direction", 1 0, L_0000020d2cb70088;  1 drivers
v0000020d2cb5ef30_0 .var "row", 15 0;
v0000020d2cb5d1d0_0 .var "shifted_addr", 15 0;
E_0000020d2caf48e0 .event anyedge, v0000020d2cafa700_0, v0000020d2cb5ddb0_0, v0000020d2cb5e350_0, v0000020d2cb5ef30_0;
S_0000020d2caca2f0 .scope module, "sR" "shift_unit" 4 40, 8 39 0, S_0000020d2cab9700;
 .timescale -9 -12;
    .port_info 0 /INPUT 16 "addr";
    .port_info 1 /INPUT 2 "direction";
    .port_info 2 /OUTPUT 16 "shifted_addr";
P_0000020d2cad8060 .param/l "HEIGHT" 0 8 41, +C4<00000000000000000000000000010000>;
P_0000020d2cad8098 .param/l "INVALID_ADDR_MARKER" 1 8 50, C4<1111111111111111>;
P_0000020d2cad80d0 .param/l "WIDTH" 0 8 40, +C4<00000000000000000000000000010000>;
v0000020d2cb5d3b0_0 .net "addr", 15 0, v0000020d2cb5e7b0_0;  alias, 1 drivers
v0000020d2cb5e530_0 .var "col", 15 0;
L_0000020d2cb700d0 .functor BUFT 1, C4<01>, C4<0>, C4<0>, C4<0>;
v0000020d2cb5e5d0_0 .net "direction", 1 0, L_0000020d2cb700d0;  1 drivers
v0000020d2cb5da90_0 .var "row", 15 0;
v0000020d2cb5de50_0 .var "shifted_addr", 15 0;
E_0000020d2caf4aa0 .event anyedge, v0000020d2cafa700_0, v0000020d2cb5e5d0_0, v0000020d2cb5e530_0, v0000020d2cb5da90_0;
S_0000020d2cad01a0 .scope module, "sU" "shift_unit" 4 41, 8 39 0, S_0000020d2cab9700;
 .timescale -9 -12;
    .port_info 0 /INPUT 16 "addr";
    .port_info 1 /INPUT 2 "direction";
    .port_info 2 /OUTPUT 16 "shifted_addr";
P_0000020d2cad7820 .param/l "HEIGHT" 0 8 41, +C4<00000000000000000000000000010000>;
P_0000020d2cad7858 .param/l "INVALID_ADDR_MARKER" 1 8 50, C4<1111111111111111>;
P_0000020d2cad7890 .param/l "WIDTH" 0 8 40, +C4<00000000000000000000000000010000>;
v0000020d2cb5e210_0 .net "addr", 15 0, v0000020d2cb5e7b0_0;  alias, 1 drivers
v0000020d2cb5ecb0_0 .var "col", 15 0;
L_0000020d2cb70118 .functor BUFT 1, C4<10>, C4<0>, C4<0>, C4<0>;
v0000020d2cb5d090_0 .net "direction", 1 0, L_0000020d2cb70118;  1 drivers
v0000020d2cb5d630_0 .var "row", 15 0;
v0000020d2cb5e2b0_0 .var "shifted_addr", 15 0;
E_0000020d2caf4c60 .event anyedge, v0000020d2cafa700_0, v0000020d2cb5d090_0, v0000020d2cb5ecb0_0, v0000020d2cb5d630_0;
S_0000020d2cab9570 .scope module, "xor_edge_detector" "xor_edge_detector" 9 8;
 .timescale -9 -12;
    .port_info 0 /INPUT 24 "pixel_orig";
    .port_info 1 /INPUT 24 "pixel_shift";
    .port_info 2 /INPUT 2 "mode_sel";
    .port_info 3 /OUTPUT 1 "edge_out";
P_0000020d2caf52a0 .param/l "PIXEL_BITS" 0 9 9, +C4<00000000000000000000000000011000>;
L_0000020d2cadc6c0 .functor XOR 8, L_0000020d2cb622c0, L_0000020d2cb62360, C4<00000000>, C4<00000000>;
L_0000020d2cadcb20 .functor XOR 8, L_0000020d2cb62cc0, L_0000020d2cb62680, C4<00000000>, C4<00000000>;
L_0000020d2cb610b0 .functor XOR 8, L_0000020d2cb62d60, L_0000020d2cb62400, C4<00000000>, C4<00000000>;
L_0000020d2cb61740 .functor XOR 8, L_0000020d2cb63300, L_0000020d2cb62ea0, C4<00000000>, C4<00000000>;
L_0000020d2cb614a0 .functor XOR 1, L_0000020d2cb631c0, L_0000020d2cb63260, C4<0>, C4<0>;
v0000020d2cb5e0d0_0 .net "B1", 7 0, L_0000020d2cb62d60;  1 drivers
v0000020d2cb5e710_0 .net "B2", 7 0, L_0000020d2cb62400;  1 drivers
v0000020d2cb5e850_0 .net "G1", 7 0, L_0000020d2cb62cc0;  1 drivers
v0000020d2cb5ea30_0 .net "G2", 7 0, L_0000020d2cb62680;  1 drivers
v0000020d2cb5eb70_0 .net "R1", 7 0, L_0000020d2cb622c0;  1 drivers
v0000020d2cb5f5a0_0 .net "R2", 7 0, L_0000020d2cb62360;  1 drivers
v0000020d2cb60c20_0 .net *"_ivl_12", 31 0, L_0000020d2cb62c20;  1 drivers
L_0000020d2cb701f0 .functor BUFT 1, C4<000000000000000000000000>, C4<0>, C4<0>, C4<0>;
v0000020d2cb5f640_0 .net *"_ivl_15", 23 0, L_0000020d2cb701f0;  1 drivers
L_0000020d2cb70238 .functor BUFT 1, C4<00000000000000000000000000011110>, C4<0>, C4<0>, C4<0>;
v0000020d2cb60ae0_0 .net/2u *"_ivl_16", 31 0, L_0000020d2cb70238;  1 drivers
v0000020d2cb60a40_0 .net *"_ivl_19", 31 0, L_0000020d2cb63760;  1 drivers
v0000020d2cb60680_0 .net *"_ivl_20", 31 0, L_0000020d2cb62fe0;  1 drivers
L_0000020d2cb70280 .functor BUFT 1, C4<000000000000000000000000>, C4<0>, C4<0>, C4<0>;
v0000020d2cb5fdc0_0 .net *"_ivl_23", 23 0, L_0000020d2cb70280;  1 drivers
L_0000020d2cb702c8 .functor BUFT 1, C4<00000000000000000000000000111011>, C4<0>, C4<0>, C4<0>;
v0000020d2cb5f6e0_0 .net/2u *"_ivl_24", 31 0, L_0000020d2cb702c8;  1 drivers
v0000020d2cb5f780_0 .net *"_ivl_27", 31 0, L_0000020d2cb634e0;  1 drivers
v0000020d2cb60ea0_0 .net *"_ivl_28", 31 0, L_0000020d2cb62a40;  1 drivers
v0000020d2cb60540_0 .net *"_ivl_30", 31 0, L_0000020d2cb618c0;  1 drivers
L_0000020d2cb70310 .functor BUFT 1, C4<000000000000000000000000>, C4<0>, C4<0>, C4<0>;
v0000020d2cb5ff00_0 .net *"_ivl_33", 23 0, L_0000020d2cb70310;  1 drivers
L_0000020d2cb70358 .functor BUFT 1, C4<00000000000000000000000000001011>, C4<0>, C4<0>, C4<0>;
v0000020d2cb5f820_0 .net/2u *"_ivl_34", 31 0, L_0000020d2cb70358;  1 drivers
v0000020d2cb5ffa0_0 .net *"_ivl_37", 31 0, L_0000020d2cb63580;  1 drivers
v0000020d2cb60220_0 .net *"_ivl_38", 31 0, L_0000020d2cb62860;  1 drivers
L_0000020d2cb703a0 .functor BUFT 1, C4<00000000000000000000000001100100>, C4<0>, C4<0>, C4<0>;
v0000020d2cb5f140_0 .net/2u *"_ivl_40", 31 0, L_0000020d2cb703a0;  1 drivers
v0000020d2cb60040_0 .net *"_ivl_42", 31 0, L_0000020d2cb62ae0;  1 drivers
v0000020d2cb60d60_0 .net *"_ivl_46", 31 0, L_0000020d2cb62e00;  1 drivers
L_0000020d2cb703e8 .functor BUFT 1, C4<000000000000000000000000>, C4<0>, C4<0>, C4<0>;
v0000020d2cb604a0_0 .net *"_ivl_49", 23 0, L_0000020d2cb703e8;  1 drivers
L_0000020d2cb70430 .functor BUFT 1, C4<00000000000000000000000000011110>, C4<0>, C4<0>, C4<0>;
v0000020d2cb60180_0 .net/2u *"_ivl_50", 31 0, L_0000020d2cb70430;  1 drivers
v0000020d2cb5fc80_0 .net *"_ivl_53", 31 0, L_0000020d2cb62540;  1 drivers
v0000020d2cb5f8c0_0 .net *"_ivl_54", 31 0, L_0000020d2cb62f40;  1 drivers
L_0000020d2cb70478 .functor BUFT 1, C4<000000000000000000000000>, C4<0>, C4<0>, C4<0>;
v0000020d2cb5f960_0 .net *"_ivl_57", 23 0, L_0000020d2cb70478;  1 drivers
L_0000020d2cb704c0 .functor BUFT 1, C4<00000000000000000000000000111011>, C4<0>, C4<0>, C4<0>;
v0000020d2cb60360_0 .net/2u *"_ivl_58", 31 0, L_0000020d2cb704c0;  1 drivers
v0000020d2cb600e0_0 .net *"_ivl_61", 31 0, L_0000020d2cb62b80;  1 drivers
v0000020d2cb602c0_0 .net *"_ivl_62", 31 0, L_0000020d2cb62900;  1 drivers
v0000020d2cb5f460_0 .net *"_ivl_64", 31 0, L_0000020d2cb63080;  1 drivers
L_0000020d2cb70508 .functor BUFT 1, C4<000000000000000000000000>, C4<0>, C4<0>, C4<0>;
v0000020d2cb5fa00_0 .net *"_ivl_67", 23 0, L_0000020d2cb70508;  1 drivers
L_0000020d2cb70550 .functor BUFT 1, C4<00000000000000000000000000001011>, C4<0>, C4<0>, C4<0>;
v0000020d2cb5faa0_0 .net/2u *"_ivl_68", 31 0, L_0000020d2cb70550;  1 drivers
v0000020d2cb60e00_0 .net *"_ivl_71", 31 0, L_0000020d2cb63120;  1 drivers
v0000020d2cb60400_0 .net *"_ivl_72", 31 0, L_0000020d2cb62040;  1 drivers
L_0000020d2cb70598 .functor BUFT 1, C4<00000000000000000000000001100100>, C4<0>, C4<0>, C4<0>;
v0000020d2cb5fb40_0 .net/2u *"_ivl_74", 31 0, L_0000020d2cb70598;  1 drivers
v0000020d2cb60f40_0 .net *"_ivl_76", 31 0, L_0000020d2cb61960;  1 drivers
v0000020d2cb605e0_0 .net *"_ivl_89", 0 0, L_0000020d2cb631c0;  1 drivers
v0000020d2cb5f0a0_0 .net *"_ivl_91", 0 0, L_0000020d2cb63260;  1 drivers
v0000020d2cb60720_0 .net "binary_xor", 0 0, L_0000020d2cb614a0;  1 drivers
v0000020d2cb5f1e0_0 .var "edge_out", 0 0;
v0000020d2cb607c0_0 .net "gray1", 7 0, L_0000020d2cb63300;  1 drivers
v0000020d2cb60860_0 .net "gray2", 7 0, L_0000020d2cb62ea0;  1 drivers
o0000020d2cb04718 .functor BUFZ 2, C4<zz>; HiZ drive
v0000020d2cb5f280_0 .net "mode_sel", 1 0, o0000020d2cb04718;  0 drivers
o0000020d2cb04748 .functor BUFZ 24, C4<zzzzzzzzzzzzzzzzzzzzzzzz>; HiZ drive
v0000020d2cb5fe60_0 .net "pixel_orig", 23 0, o0000020d2cb04748;  0 drivers
o0000020d2cb04778 .functor BUFZ 24, C4<zzzzzzzzzzzzzzzzzzzzzzzz>; HiZ drive
v0000020d2cb60900_0 .net "pixel_shift", 23 0, o0000020d2cb04778;  0 drivers
v0000020d2cb5fbe0_0 .net "xorB", 7 0, L_0000020d2cb610b0;  1 drivers
v0000020d2cb5f320_0 .net "xorG", 7 0, L_0000020d2cadcb20;  1 drivers
v0000020d2cb5f3c0_0 .net "xorGray", 7 0, L_0000020d2cb61740;  1 drivers
v0000020d2cb5f500_0 .net "xorR", 7 0, L_0000020d2cadc6c0;  1 drivers
E_0000020d2caf50e0/0 .event anyedge, v0000020d2cb5f280_0, v0000020d2cb60720_0, v0000020d2cb5f3c0_0, v0000020d2cb5f500_0;
E_0000020d2caf50e0/1 .event anyedge, v0000020d2cb5f320_0, v0000020d2cb5fbe0_0;
E_0000020d2caf50e0 .event/or E_0000020d2caf50e0/0, E_0000020d2caf50e0/1;
L_0000020d2cb622c0 .part o0000020d2cb04748, 16, 8;
L_0000020d2cb62cc0 .part o0000020d2cb04748, 8, 8;
L_0000020d2cb62d60 .part o0000020d2cb04748, 0, 8;
L_0000020d2cb62360 .part o0000020d2cb04778, 16, 8;
L_0000020d2cb62680 .part o0000020d2cb04778, 8, 8;
L_0000020d2cb62400 .part o0000020d2cb04778, 0, 8;
L_0000020d2cb62c20 .concat [ 8 24 0 0], L_0000020d2cb622c0, L_0000020d2cb701f0;
L_0000020d2cb63760 .arith/mult 32, L_0000020d2cb62c20, L_0000020d2cb70238;
L_0000020d2cb62fe0 .concat [ 8 24 0 0], L_0000020d2cb62cc0, L_0000020d2cb70280;
L_0000020d2cb634e0 .arith/mult 32, L_0000020d2cb62fe0, L_0000020d2cb702c8;
L_0000020d2cb62a40 .arith/sum 32, L_0000020d2cb63760, L_0000020d2cb634e0;
L_0000020d2cb618c0 .concat [ 8 24 0 0], L_0000020d2cb62d60, L_0000020d2cb70310;
L_0000020d2cb63580 .arith/mult 32, L_0000020d2cb618c0, L_0000020d2cb70358;
L_0000020d2cb62860 .arith/sum 32, L_0000020d2cb62a40, L_0000020d2cb63580;
L_0000020d2cb62ae0 .arith/div 32, L_0000020d2cb62860, L_0000020d2cb703a0;
L_0000020d2cb63300 .part L_0000020d2cb62ae0, 0, 8;
L_0000020d2cb62e00 .concat [ 8 24 0 0], L_0000020d2cb62360, L_0000020d2cb703e8;
L_0000020d2cb62540 .arith/mult 32, L_0000020d2cb62e00, L_0000020d2cb70430;
L_0000020d2cb62f40 .concat [ 8 24 0 0], L_0000020d2cb62680, L_0000020d2cb70478;
L_0000020d2cb62b80 .arith/mult 32, L_0000020d2cb62f40, L_0000020d2cb704c0;
L_0000020d2cb62900 .arith/sum 32, L_0000020d2cb62540, L_0000020d2cb62b80;
L_0000020d2cb63080 .concat [ 8 24 0 0], L_0000020d2cb62400, L_0000020d2cb70508;
L_0000020d2cb63120 .arith/mult 32, L_0000020d2cb63080, L_0000020d2cb70550;
L_0000020d2cb62040 .arith/sum 32, L_0000020d2cb62900, L_0000020d2cb63120;
L_0000020d2cb61960 .arith/div 32, L_0000020d2cb62040, L_0000020d2cb70598;
L_0000020d2cb62ea0 .part L_0000020d2cb61960, 0, 8;
L_0000020d2cb631c0 .part o0000020d2cb04748, 0, 1;
L_0000020d2cb63260 .part o0000020d2cb04778, 0, 1;
    .scope S_0000020d2cac3670;
T_0 ;
    %pushi/vec4 0, 0, 32;
    %store/vec4 v0000020d2cafa7a0_0, 0, 32;
T_0.0 ;
    %load/vec4 v0000020d2cafa7a0_0;
    %cmpi/s 256, 0, 32;
    %jmp/0xz T_0.1, 5;
    %pushi/vec4 0, 0, 1;
    %ix/getv/s 4, v0000020d2cafa7a0_0;
    %store/vec4a v0000020d2cafb380, 4, 0;
    %load/vec4 v0000020d2cafa7a0_0;
    %addi 1, 0, 32;
    %store/vec4 v0000020d2cafa7a0_0, 0, 32;
    %jmp T_0.0;
T_0.1 ;
    %pushi/vec4 0, 0, 1;
    %store/vec4 v0000020d2cafa2a0_0, 0, 1;
    %vpi_func 6 32 "$value$plusargs" 32, "INPUT_FILE=%s", v0000020d2caee070_0 {0 0 0};
    %nor/r;
    %flag_set/vec4 8;
    %jmp/0xz  T_0.2, 8;
    %pushi/vec4 3335572166, 0, 1929;
    %concati/vec4 3603621060, 0, 32;
    %concati/vec4 3737314504, 0, 32;
    %concati/vec4 3194121308, 0, 32;
    %concati/vec4 7169389, 0, 23;
    %store/vec4 v0000020d2caee070_0, 0, 2048;
T_0.2 ;
    %vpi_call 6 35 "$display", "Loading image from file: %s", v0000020d2caee070_0 {0 0 0};
    %vpi_call 6 36 "$readmemh", v0000020d2caee070_0, v0000020d2cafb380 {0 0 0};
    %end;
    .thread T_0;
    .scope S_0000020d2cac3670;
T_1 ;
    %wait E_0000020d2caf4d20;
    %load/vec4 v0000020d2cafb4c0_0;
    %flag_set/vec4 8;
    %jmp/0xz  T_1.0, 8;
    %pushi/vec4 0, 0, 1;
    %assign/vec4 v0000020d2cafa2a0_0, 0;
    %jmp T_1.1;
T_1.0 ;
    %ix/getv 4, v0000020d2cafa700_0;
    %load/vec4a v0000020d2cafb380, 4;
    %assign/vec4 v0000020d2cafa2a0_0, 0;
T_1.1 ;
    %jmp T_1;
    .thread T_1;
    .scope S_0000020d2caca160;
T_2 ;
    %wait E_0000020d2caf48e0;
    %load/vec4 v0000020d2cb5dc70_0;
    %pad/u 32;
    %pushi/vec4 16, 0, 32;
    %div;
    %pad/u 16;
    %store/vec4 v0000020d2cb5ef30_0, 0, 16;
    %load/vec4 v0000020d2cb5dc70_0;
    %pad/u 32;
    %pushi/vec4 16, 0, 32;
    %mod;
    %pad/u 16;
    %store/vec4 v0000020d2cb5e350_0, 0, 16;
    %load/vec4 v0000020d2cb5ddb0_0;
    %dup/vec4;
    %pushi/vec4 0, 0, 2;
    %cmp/u;
    %jmp/1 T_2.0, 6;
    %dup/vec4;
    %pushi/vec4 1, 0, 2;
    %cmp/u;
    %jmp/1 T_2.1, 6;
    %dup/vec4;
    %pushi/vec4 2, 0, 2;
    %cmp/u;
    %jmp/1 T_2.2, 6;
    %dup/vec4;
    %pushi/vec4 3, 0, 2;
    %cmp/u;
    %jmp/1 T_2.3, 6;
    %pushi/vec4 65535, 0, 16;
    %store/vec4 v0000020d2cb5d1d0_0, 0, 16;
    %jmp T_2.5;
T_2.0 ;
    %load/vec4 v0000020d2cb5e350_0;
    %pad/u 32;
    %cmpi/e 0, 0, 32;
    %flag_mov 8, 4;
    %jmp/0 T_2.6, 8;
    %pushi/vec4 65535, 0, 16;
    %jmp/1 T_2.7, 8;
T_2.6 ; End of true expr.
    %load/vec4 v0000020d2cb5dc70_0;
    %subi 1, 0, 16;
    %jmp/0 T_2.7, 8;
 ; End of false expr.
    %blend;
T_2.7;
    %store/vec4 v0000020d2cb5d1d0_0, 0, 16;
    %jmp T_2.5;
T_2.1 ;
    %load/vec4 v0000020d2cb5e350_0;
    %pad/u 32;
    %cmpi/e 15, 0, 32;
    %flag_mov 8, 4;
    %jmp/0 T_2.8, 8;
    %pushi/vec4 65535, 0, 16;
    %jmp/1 T_2.9, 8;
T_2.8 ; End of true expr.
    %load/vec4 v0000020d2cb5dc70_0;
    %addi 1, 0, 16;
    %jmp/0 T_2.9, 8;
 ; End of false expr.
    %blend;
T_2.9;
    %store/vec4 v0000020d2cb5d1d0_0, 0, 16;
    %jmp T_2.5;
T_2.2 ;
    %load/vec4 v0000020d2cb5ef30_0;
    %pad/u 32;
    %cmpi/e 0, 0, 32;
    %flag_mov 8, 4;
    %jmp/0 T_2.10, 8;
    %pushi/vec4 65535, 0, 32;
    %jmp/1 T_2.11, 8;
T_2.10 ; End of true expr.
    %load/vec4 v0000020d2cb5dc70_0;
    %pad/u 32;
    %subi 16, 0, 32;
    %jmp/0 T_2.11, 8;
 ; End of false expr.
    %blend;
T_2.11;
    %pad/u 16;
    %store/vec4 v0000020d2cb5d1d0_0, 0, 16;
    %jmp T_2.5;
T_2.3 ;
    %load/vec4 v0000020d2cb5ef30_0;
    %pad/u 32;
    %cmpi/e 15, 0, 32;
    %flag_mov 8, 4;
    %jmp/0 T_2.12, 8;
    %pushi/vec4 65535, 0, 32;
    %jmp/1 T_2.13, 8;
T_2.12 ; End of true expr.
    %load/vec4 v0000020d2cb5dc70_0;
    %pad/u 32;
    %addi 16, 0, 32;
    %jmp/0 T_2.13, 8;
 ; End of false expr.
    %blend;
T_2.13;
    %pad/u 16;
    %store/vec4 v0000020d2cb5d1d0_0, 0, 16;
    %jmp T_2.5;
T_2.5 ;
    %pop/vec4 1;
    %jmp T_2;
    .thread T_2, $push;
    .scope S_0000020d2caca2f0;
T_3 ;
    %wait E_0000020d2caf4aa0;
    %load/vec4 v0000020d2cb5d3b0_0;
    %pad/u 32;
    %pushi/vec4 16, 0, 32;
    %div;
    %pad/u 16;
    %store/vec4 v0000020d2cb5da90_0, 0, 16;
    %load/vec4 v0000020d2cb5d3b0_0;
    %pad/u 32;
    %pushi/vec4 16, 0, 32;
    %mod;
    %pad/u 16;
    %store/vec4 v0000020d2cb5e530_0, 0, 16;
    %load/vec4 v0000020d2cb5e5d0_0;
    %dup/vec4;
    %pushi/vec4 0, 0, 2;
    %cmp/u;
    %jmp/1 T_3.0, 6;
    %dup/vec4;
    %pushi/vec4 1, 0, 2;
    %cmp/u;
    %jmp/1 T_3.1, 6;
    %dup/vec4;
    %pushi/vec4 2, 0, 2;
    %cmp/u;
    %jmp/1 T_3.2, 6;
    %dup/vec4;
    %pushi/vec4 3, 0, 2;
    %cmp/u;
    %jmp/1 T_3.3, 6;
    %pushi/vec4 65535, 0, 16;
    %store/vec4 v0000020d2cb5de50_0, 0, 16;
    %jmp T_3.5;
T_3.0 ;
    %load/vec4 v0000020d2cb5e530_0;
    %pad/u 32;
    %cmpi/e 0, 0, 32;
    %flag_mov 8, 4;
    %jmp/0 T_3.6, 8;
    %pushi/vec4 65535, 0, 16;
    %jmp/1 T_3.7, 8;
T_3.6 ; End of true expr.
    %load/vec4 v0000020d2cb5d3b0_0;
    %subi 1, 0, 16;
    %jmp/0 T_3.7, 8;
 ; End of false expr.
    %blend;
T_3.7;
    %store/vec4 v0000020d2cb5de50_0, 0, 16;
    %jmp T_3.5;
T_3.1 ;
    %load/vec4 v0000020d2cb5e530_0;
    %pad/u 32;
    %cmpi/e 15, 0, 32;
    %flag_mov 8, 4;
    %jmp/0 T_3.8, 8;
    %pushi/vec4 65535, 0, 16;
    %jmp/1 T_3.9, 8;
T_3.8 ; End of true expr.
    %load/vec4 v0000020d2cb5d3b0_0;
    %addi 1, 0, 16;
    %jmp/0 T_3.9, 8;
 ; End of false expr.
    %blend;
T_3.9;
    %store/vec4 v0000020d2cb5de50_0, 0, 16;
    %jmp T_3.5;
T_3.2 ;
    %load/vec4 v0000020d2cb5da90_0;
    %pad/u 32;
    %cmpi/e 0, 0, 32;
    %flag_mov 8, 4;
    %jmp/0 T_3.10, 8;
    %pushi/vec4 65535, 0, 32;
    %jmp/1 T_3.11, 8;
T_3.10 ; End of true expr.
    %load/vec4 v0000020d2cb5d3b0_0;
    %pad/u 32;
    %subi 16, 0, 32;
    %jmp/0 T_3.11, 8;
 ; End of false expr.
    %blend;
T_3.11;
    %pad/u 16;
    %store/vec4 v0000020d2cb5de50_0, 0, 16;
    %jmp T_3.5;
T_3.3 ;
    %load/vec4 v0000020d2cb5da90_0;
    %pad/u 32;
    %cmpi/e 15, 0, 32;
    %flag_mov 8, 4;
    %jmp/0 T_3.12, 8;
    %pushi/vec4 65535, 0, 32;
    %jmp/1 T_3.13, 8;
T_3.12 ; End of true expr.
    %load/vec4 v0000020d2cb5d3b0_0;
    %pad/u 32;
    %addi 16, 0, 32;
    %jmp/0 T_3.13, 8;
 ; End of false expr.
    %blend;
T_3.13;
    %pad/u 16;
    %store/vec4 v0000020d2cb5de50_0, 0, 16;
    %jmp T_3.5;
T_3.5 ;
    %pop/vec4 1;
    %jmp T_3;
    .thread T_3, $push;
    .scope S_0000020d2cad01a0;
T_4 ;
    %wait E_0000020d2caf4c60;
    %load/vec4 v0000020d2cb5e210_0;
    %pad/u 32;
    %pushi/vec4 16, 0, 32;
    %div;
    %pad/u 16;
    %store/vec4 v0000020d2cb5d630_0, 0, 16;
    %load/vec4 v0000020d2cb5e210_0;
    %pad/u 32;
    %pushi/vec4 16, 0, 32;
    %mod;
    %pad/u 16;
    %store/vec4 v0000020d2cb5ecb0_0, 0, 16;
    %load/vec4 v0000020d2cb5d090_0;
    %dup/vec4;
    %pushi/vec4 0, 0, 2;
    %cmp/u;
    %jmp/1 T_4.0, 6;
    %dup/vec4;
    %pushi/vec4 1, 0, 2;
    %cmp/u;
    %jmp/1 T_4.1, 6;
    %dup/vec4;
    %pushi/vec4 2, 0, 2;
    %cmp/u;
    %jmp/1 T_4.2, 6;
    %dup/vec4;
    %pushi/vec4 3, 0, 2;
    %cmp/u;
    %jmp/1 T_4.3, 6;
    %pushi/vec4 65535, 0, 16;
    %store/vec4 v0000020d2cb5e2b0_0, 0, 16;
    %jmp T_4.5;
T_4.0 ;
    %load/vec4 v0000020d2cb5ecb0_0;
    %pad/u 32;
    %cmpi/e 0, 0, 32;
    %flag_mov 8, 4;
    %jmp/0 T_4.6, 8;
    %pushi/vec4 65535, 0, 16;
    %jmp/1 T_4.7, 8;
T_4.6 ; End of true expr.
    %load/vec4 v0000020d2cb5e210_0;
    %subi 1, 0, 16;
    %jmp/0 T_4.7, 8;
 ; End of false expr.
    %blend;
T_4.7;
    %store/vec4 v0000020d2cb5e2b0_0, 0, 16;
    %jmp T_4.5;
T_4.1 ;
    %load/vec4 v0000020d2cb5ecb0_0;
    %pad/u 32;
    %cmpi/e 15, 0, 32;
    %flag_mov 8, 4;
    %jmp/0 T_4.8, 8;
    %pushi/vec4 65535, 0, 16;
    %jmp/1 T_4.9, 8;
T_4.8 ; End of true expr.
    %load/vec4 v0000020d2cb5e210_0;
    %addi 1, 0, 16;
    %jmp/0 T_4.9, 8;
 ; End of false expr.
    %blend;
T_4.9;
    %store/vec4 v0000020d2cb5e2b0_0, 0, 16;
    %jmp T_4.5;
T_4.2 ;
    %load/vec4 v0000020d2cb5d630_0;
    %pad/u 32;
    %cmpi/e 0, 0, 32;
    %flag_mov 8, 4;
    %jmp/0 T_4.10, 8;
    %pushi/vec4 65535, 0, 32;
    %jmp/1 T_4.11, 8;
T_4.10 ; End of true expr.
    %load/vec4 v0000020d2cb5e210_0;
    %pad/u 32;
    %subi 16, 0, 32;
    %jmp/0 T_4.11, 8;
 ; End of false expr.
    %blend;
T_4.11;
    %pad/u 16;
    %store/vec4 v0000020d2cb5e2b0_0, 0, 16;
    %jmp T_4.5;
T_4.3 ;
    %load/vec4 v0000020d2cb5d630_0;
    %pad/u 32;
    %cmpi/e 15, 0, 32;
    %flag_mov 8, 4;
    %jmp/0 T_4.12, 8;
    %pushi/vec4 65535, 0, 32;
    %jmp/1 T_4.13, 8;
T_4.12 ; End of true expr.
    %load/vec4 v0000020d2cb5e210_0;
    %pad/u 32;
    %addi 16, 0, 32;
    %jmp/0 T_4.13, 8;
 ; End of false expr.
    %blend;
T_4.13;
    %pad/u 16;
    %store/vec4 v0000020d2cb5e2b0_0, 0, 16;
    %jmp T_4.5;
T_4.5 ;
    %pop/vec4 1;
    %jmp T_4;
    .thread T_4, $push;
    .scope S_0000020d2cabcd30;
T_5 ;
    %wait E_0000020d2caf4960;
    %load/vec4 v0000020d2cb5ee90_0;
    %pad/u 32;
    %pushi/vec4 16, 0, 32;
    %div;
    %pad/u 16;
    %store/vec4 v0000020d2cb5d270_0, 0, 16;
    %load/vec4 v0000020d2cb5ee90_0;
    %pad/u 32;
    %pushi/vec4 16, 0, 32;
    %mod;
    %pad/u 16;
    %store/vec4 v0000020d2cb5d6d0_0, 0, 16;
    %load/vec4 v0000020d2cb5edf0_0;
    %dup/vec4;
    %pushi/vec4 0, 0, 2;
    %cmp/u;
    %jmp/1 T_5.0, 6;
    %dup/vec4;
    %pushi/vec4 1, 0, 2;
    %cmp/u;
    %jmp/1 T_5.1, 6;
    %dup/vec4;
    %pushi/vec4 2, 0, 2;
    %cmp/u;
    %jmp/1 T_5.2, 6;
    %dup/vec4;
    %pushi/vec4 3, 0, 2;
    %cmp/u;
    %jmp/1 T_5.3, 6;
    %pushi/vec4 65535, 0, 16;
    %store/vec4 v0000020d2cb5e8f0_0, 0, 16;
    %jmp T_5.5;
T_5.0 ;
    %load/vec4 v0000020d2cb5d6d0_0;
    %pad/u 32;
    %cmpi/e 0, 0, 32;
    %flag_mov 8, 4;
    %jmp/0 T_5.6, 8;
    %pushi/vec4 65535, 0, 16;
    %jmp/1 T_5.7, 8;
T_5.6 ; End of true expr.
    %load/vec4 v0000020d2cb5ee90_0;
    %subi 1, 0, 16;
    %jmp/0 T_5.7, 8;
 ; End of false expr.
    %blend;
T_5.7;
    %store/vec4 v0000020d2cb5e8f0_0, 0, 16;
    %jmp T_5.5;
T_5.1 ;
    %load/vec4 v0000020d2cb5d6d0_0;
    %pad/u 32;
    %cmpi/e 15, 0, 32;
    %flag_mov 8, 4;
    %jmp/0 T_5.8, 8;
    %pushi/vec4 65535, 0, 16;
    %jmp/1 T_5.9, 8;
T_5.8 ; End of true expr.
    %load/vec4 v0000020d2cb5ee90_0;
    %addi 1, 0, 16;
    %jmp/0 T_5.9, 8;
 ; End of false expr.
    %blend;
T_5.9;
    %store/vec4 v0000020d2cb5e8f0_0, 0, 16;
    %jmp T_5.5;
T_5.2 ;
    %load/vec4 v0000020d2cb5d270_0;
    %pad/u 32;
    %cmpi/e 0, 0, 32;
    %flag_mov 8, 4;
    %jmp/0 T_5.10, 8;
    %pushi/vec4 65535, 0, 32;
    %jmp/1 T_5.11, 8;
T_5.10 ; End of true expr.
    %load/vec4 v0000020d2cb5ee90_0;
    %pad/u 32;
    %subi 16, 0, 32;
    %jmp/0 T_5.11, 8;
 ; End of false expr.
    %blend;
T_5.11;
    %pad/u 16;
    %store/vec4 v0000020d2cb5e8f0_0, 0, 16;
    %jmp T_5.5;
T_5.3 ;
    %load/vec4 v0000020d2cb5d270_0;
    %pad/u 32;
    %cmpi/e 15, 0, 32;
    %flag_mov 8, 4;
    %jmp/0 T_5.12, 8;
    %pushi/vec4 65535, 0, 32;
    %jmp/1 T_5.13, 8;
T_5.12 ; End of true expr.
    %load/vec4 v0000020d2cb5ee90_0;
    %pad/u 32;
    %addi 16, 0, 32;
    %jmp/0 T_5.13, 8;
 ; End of false expr.
    %blend;
T_5.13;
    %pad/u 16;
    %store/vec4 v0000020d2cb5e8f0_0, 0, 16;
    %jmp T_5.5;
T_5.5 ;
    %pop/vec4 1;
    %jmp T_5;
    .thread T_5, $push;
    .scope S_0000020d2cabcba0;
T_6 ;
    %pushi/vec4 0, 0, 32;
    %store/vec4 v0000020d2cb5d810_0, 0, 32;
T_6.0 ;
    %load/vec4 v0000020d2cb5d810_0;
    %cmpi/s 256, 0, 32;
    %jmp/0xz T_6.1, 5;
    %pushi/vec4 0, 0, 1;
    %ix/getv/s 4, v0000020d2cb5d810_0;
    %store/vec4a v0000020d2cb5db30, 4, 0;
    %load/vec4 v0000020d2cb5d810_0;
    %addi 1, 0, 32;
    %store/vec4 v0000020d2cb5d810_0, 0, 32;
    %jmp T_6.0;
T_6.1 ;
    %pushi/vec4 0, 0, 1;
    %store/vec4 v0000020d2cb5e670_0, 0, 1;
    %end;
    .thread T_6;
    .scope S_0000020d2cabcba0;
T_7 ;
    %wait E_0000020d2caf4d20;
    %load/vec4 v0000020d2cb5ed50_0;
    %flag_set/vec4 8;
    %jmp/0xz  T_7.0, 8;
    %pushi/vec4 0, 0, 32;
    %store/vec4 v0000020d2cb5d810_0, 0, 32;
T_7.2 ;
    %load/vec4 v0000020d2cb5d810_0;
    %cmpi/s 256, 0, 32;
    %jmp/0xz T_7.3, 5;
    %pushi/vec4 0, 0, 1;
    %ix/getv/s 3, v0000020d2cb5d810_0;
    %ix/load 4, 0, 0; Constant delay
    %assign/vec4/a/d v0000020d2cb5db30, 0, 4;
    %load/vec4 v0000020d2cb5d810_0;
    %addi 1, 0, 32;
    %store/vec4 v0000020d2cb5d810_0, 0, 32;
    %jmp T_7.2;
T_7.3 ;
    %pushi/vec4 0, 0, 1;
    %assign/vec4 v0000020d2cb5e670_0, 0;
    %jmp T_7.1;
T_7.0 ;
    %load/vec4 v0000020d2cb5e490_0;
    %flag_set/vec4 8;
    %jmp/0xz  T_7.4, 8;
    %load/vec4 v0000020d2caeec50_0;
    %ix/getv 3, v0000020d2caee930_0;
    %ix/load 4, 0, 0; Constant delay
    %assign/vec4/a/d v0000020d2cb5db30, 0, 4;
    %load/vec4 v0000020d2caeec50_0;
    %assign/vec4 v0000020d2cb5e670_0, 0;
T_7.4 ;
T_7.1 ;
    %jmp T_7;
    .thread T_7;
    .scope S_0000020d2cabcba0;
T_8 ;
    %delay 5000000, 0;
    %vpi_call 7 101 "$writememb", P_0000020d2cab9890, v0000020d2cb5db30 {0 0 0};
    %vpi_call 7 102 "$display", "Edge map saved to: %s", P_0000020d2cab9890 {0 0 0};
    %end;
    .thread T_8;
    .scope S_0000020d2cab9700;
T_9 ;
    %pushi/vec4 0, 0, 16;
    %store/vec4 v0000020d2cb5e7b0_0, 0, 16;
    %end;
    .thread T_9;
    .scope S_0000020d2cab9700;
T_10 ;
    %wait E_0000020d2caf4d20;
    %load/vec4 v0000020d2cb5e990_0;
    %flag_set/vec4 8;
    %jmp/0xz  T_10.0, 8;
    %pushi/vec4 0, 0, 16;
    %assign/vec4 v0000020d2cb5e7b0_0, 0;
    %jmp T_10.1;
T_10.0 ;
    %load/vec4 v0000020d2cb5e7b0_0;
    %pad/u 32;
    %cmpi/u 255, 0, 32;
    %jmp/0xz  T_10.2, 5;
    %load/vec4 v0000020d2cb5e7b0_0;
    %addi 1, 0, 16;
    %assign/vec4 v0000020d2cb5e7b0_0, 0;
T_10.2 ;
T_10.1 ;
    %jmp T_10;
    .thread T_10;
    .scope S_0000020d2cad5870;
T_11 ;
    %pushi/vec4 0, 0, 1;
    %store/vec4 v0000020d2cb5dd10_0, 0, 1;
T_11.0 ;
    %delay 5000, 0;
    %load/vec4 v0000020d2cb5dd10_0;
    %inv;
    %store/vec4 v0000020d2cb5dd10_0, 0, 1;
    %jmp T_11.0;
    %end;
    .thread T_11;
    .scope S_0000020d2cad5870;
T_12 ;
    %pushi/vec4 1, 0, 1;
    %store/vec4 v0000020d2cb5e030_0, 0, 1;
    %delay 10000, 0;
    %pushi/vec4 0, 0, 1;
    %store/vec4 v0000020d2cb5e030_0, 0, 1;
    %delay 5000000, 0;
    %vpi_call 3 22 "$finish" {0 0 0};
    %end;
    .thread T_12;
    .scope S_0000020d2cab9570;
T_13 ;
    %wait E_0000020d2caf50e0;
    %load/vec4 v0000020d2cb5f280_0;
    %dup/vec4;
    %pushi/vec4 0, 0, 2;
    %cmp/u;
    %jmp/1 T_13.0, 6;
    %dup/vec4;
    %pushi/vec4 1, 0, 2;
    %cmp/u;
    %jmp/1 T_13.1, 6;
    %dup/vec4;
    %pushi/vec4 2, 0, 2;
    %cmp/u;
    %jmp/1 T_13.2, 6;
    %pushi/vec4 0, 0, 1;
    %store/vec4 v0000020d2cb5f1e0_0, 0, 1;
    %jmp T_13.4;
T_13.0 ;
    %load/vec4 v0000020d2cb60720_0;
    %store/vec4 v0000020d2cb5f1e0_0, 0, 1;
    %jmp T_13.4;
T_13.1 ;
    %load/vec4 v0000020d2cb5f3c0_0;
    %or/r;
    %store/vec4 v0000020d2cb5f1e0_0, 0, 1;
    %jmp T_13.4;
T_13.2 ;
    %load/vec4 v0000020d2cb5f500_0;
    %load/vec4 v0000020d2cb5f320_0;
    %or;
    %load/vec4 v0000020d2cb5fbe0_0;
    %or;
    %or/r;
    %store/vec4 v0000020d2cb5f1e0_0, 0, 1;
    %jmp T_13.4;
T_13.4 ;
    %pop/vec4 1;
    %jmp T_13;
    .thread T_13, $push;
# The file index is used to find the file name in the following table.
:file_names 10;
    "N/A";
    "<interactive>";
    "edge_combiner.v";
    "testbench.v";
    "top_module.v";
    "edge_detector.v";
    "image_memory.v";
    "output_memory.v";
    "shift_unit.v";
    "xor_edge_detector.v";
